[INFO  - 2015-12-25T17:21:12.751Z] GhostDriver - Main - running on port 64944
[INFO  - 2015-12-25T17:21:13.111Z] Session [e5bb02d0-ab2b-11e5-9efb-6ff430a9ede2] - page.settings - {"XSSAuditingEnabled":false,"javascriptCanCloseWindows":true,"javascriptCanOpenWindows":true,"javascriptEnabled":true,"loadImages":true,"localToRemoteUrlAccessEnabled":false,"userAgent":"Mozilla/5.0 (Windows NT 6.1; WOW64) AppleWebKit/538.1 (KHTML, like Gecko) PhantomJS/2.0.0 Safari/538.1","webSecurityEnabled":true}
[INFO  - 2015-12-25T17:21:13.114Z] Session [e5bb02d0-ab2b-11e5-9efb-6ff430a9ede2] - page.customHeaders:  - {}
[INFO  - 2015-12-25T17:21:13.146Z] Session [e5bb02d0-ab2b-11e5-9efb-6ff430a9ede2] - Session.negotiatedCapabilities - {"browserName":"phantomjs","version":"2.0.0","driverName":"ghostdriver","driverVersion":"1.2.0","platform":"windows-7-32bit","javascriptEnabled":true,"takesScreenshot":true,"handlesAlerts":false,"databaseEnabled":false,"locationContextEnabled":false,"applicationCacheEnabled":false,"browserConnectionEnabled":false,"cssSelectorsEnabled":true,"webStorageEnabled":false,"rotatable":false,"acceptSslCerts":false,"nativeEvents":true,"proxy":{"proxyType":"direct"}}
[INFO  - 2015-12-25T17:21:13.151Z] SessionManagerReqHand - _postNewSessionCommand - New Session Created: e5bb02d0-ab2b-11e5-9efb-6ff430a9ede2
[INFO  - 2015-12-25T17:33:47.129Z] GhostDriver - Main - running on port 64749
[INFO  - 2015-12-25T17:33:47.520Z] Session [a7646240-ab2d-11e5-9fd3-0d6fb33380af] - page.settings - {"XSSAuditingEnabled":false,"javascriptCanCloseWindows":true,"javascriptCanOpenWindows":true,"javascriptEnabled":true,"loadImages":true,"localToRemoteUrlAccessEnabled":false,"userAgent":"Mozilla/5.0 (Windows NT 6.1; WOW64) AppleWebKit/538.1 (KHTML, like Gecko) PhantomJS/2.0.0 Safari/538.1","webSecurityEnabled":true}
[INFO  - 2015-12-25T17:33:47.527Z] Session [a7646240-ab2d-11e5-9fd3-0d6fb33380af] - page.customHeaders:  - {}
[INFO  - 2015-12-25T17:33:47.557Z] Session [a7646240-ab2d-11e5-9fd3-0d6fb33380af] - Session.negotiatedCapabilities - {"browserName":"phantomjs","version":"2.0.0","driverName":"ghostdriver","driverVersion":"1.2.0","platform":"windows-7-32bit","javascriptEnabled":true,"takesScreenshot":true,"handlesAlerts":false,"databaseEnabled":false,"locationContextEnabled":false,"applicationCacheEnabled":false,"browserConnectionEnabled":false,"cssSelectorsEnabled":true,"webStorageEnabled":false,"rotatable":false,"acceptSslCerts":false,"nativeEvents":true,"proxy":{"proxyType":"direct"}}
[INFO  - 2015-12-25T17:33:47.564Z] SessionManagerReqHand - _postNewSessionCommand - New Session Created: a7646240-ab2d-11e5-9fd3-0d6fb33380af
[ERROR - 2015-12-25T17:33:49.158Z] WebElementLocator - _handleLocateCommand - Element(s) NOT Found: GAVE UP. Search Stop Time: 1451064829146
[INFO  - 2015-12-25T17:34:14.445Z] GhostDriver - Main - running on port 64855
[INFO  - 2015-12-25T17:34:14.839Z] Session [b7abb630-ab2d-11e5-ad48-e992de7679b2] - page.settings - {"XSSAuditingEnabled":false,"javascriptCanCloseWindows":true,"javascriptCanOpenWindows":true,"javascriptEnabled":true,"loadImages":true,"localToRemoteUrlAccessEnabled":false,"userAgent":"Mozilla/5.0 (Windows NT 6.1; WOW64) AppleWebKit/538.1 (KHTML, like Gecko) PhantomJS/2.0.0 Safari/538.1","webSecurityEnabled":true}
[INFO  - 2015-12-25T17:34:14.846Z] Session [b7abb630-ab2d-11e5-ad48-e992de7679b2] - page.customHeaders:  - {}
[INFO  - 2015-12-25T17:34:14.878Z] Session [b7abb630-ab2d-11e5-ad48-e992de7679b2] - Session.negotiatedCapabilities - {"browserName":"phantomjs","version":"2.0.0","driverName":"ghostdriver","driverVersion":"1.2.0","platform":"windows-7-32bit","javascriptEnabled":true,"takesScreenshot":true,"handlesAlerts":false,"databaseEnabled":false,"locationContextEnabled":false,"applicationCacheEnabled":false,"browserConnectionEnabled":false,"cssSelectorsEnabled":true,"webStorageEnabled":false,"rotatable":false,"acceptSslCerts":false,"nativeEvents":true,"proxy":{"proxyType":"direct"}}
[INFO  - 2015-12-25T17:34:14.884Z] SessionManagerReqHand - _postNewSessionCommand - New Session Created: b7abb630-ab2d-11e5-ad48-e992de7679b2
[ERROR - 2015-12-25T17:34:16.537Z] WebElementLocator - _handleLocateCommand - Element(s) NOT Found: GAVE UP. Search Stop Time: 1451064856529
[INFO  - 2015-12-25T17:35:58.769Z] GhostDriver - Main - running on port 59478
[INFO  - 2015-12-25T17:35:59.161Z] Session [f5dabfa0-ab2d-11e5-a8eb-1d6295f0afe3] - page.settings - {"XSSAuditingEnabled":false,"javascriptCanCloseWindows":true,"javascriptCanOpenWindows":true,"javascriptEnabled":true,"loadImages":true,"localToRemoteUrlAccessEnabled":false,"userAgent":"Mozilla/5.0 (Windows NT 6.1; WOW64) AppleWebKit/538.1 (KHTML, like Gecko) PhantomJS/2.0.0 Safari/538.1","webSecurityEnabled":true}
[INFO  - 2015-12-25T17:35:59.166Z] Session [f5dabfa0-ab2d-11e5-a8eb-1d6295f0afe3] - page.customHeaders:  - {}
[INFO  - 2015-12-25T17:35:59.194Z] Session [f5dabfa0-ab2d-11e5-a8eb-1d6295f0afe3] - Session.negotiatedCapabilities - {"browserName":"phantomjs","version":"2.0.0","driverName":"ghostdriver","driverVersion":"1.2.0","platform":"windows-7-32bit","javascriptEnabled":true,"takesScreenshot":true,"handlesAlerts":false,"databaseEnabled":false,"locationContextEnabled":false,"applicationCacheEnabled":false,"browserConnectionEnabled":false,"cssSelectorsEnabled":true,"webStorageEnabled":false,"rotatable":false,"acceptSslCerts":false,"nativeEvents":true,"proxy":{"proxyType":"direct"}}
[INFO  - 2015-12-25T17:35:59.201Z] SessionManagerReqHand - _postNewSessionCommand - New Session Created: f5dabfa0-ab2d-11e5-a8eb-1d6295f0afe3
[ERROR - 2015-12-25T17:36:00.868Z] WebElementLocator - _handleLocateCommand - Element(s) NOT Found: GAVE UP. Search Stop Time: 1451064960854
[INFO  - 2015-12-25T17:49:35.765Z] GhostDriver - Main - running on port 63607
[INFO  - 2015-12-25T17:49:36.151Z] Session [dcd0eb40-ab2f-11e5-8bfc-e9f3aef6ce41] - page.settings - {"XSSAuditingEnabled":false,"javascriptCanCloseWindows":true,"javascriptCanOpenWindows":true,"javascriptEnabled":true,"loadImages":true,"localToRemoteUrlAccessEnabled":false,"userAgent":"Mozilla/5.0 (Windows NT 6.1; WOW64) AppleWebKit/538.1 (KHTML, like Gecko) PhantomJS/2.0.0 Safari/538.1","webSecurityEnabled":true}
[INFO  - 2015-12-25T17:49:36.156Z] Session [dcd0eb40-ab2f-11e5-8bfc-e9f3aef6ce41] - page.customHeaders:  - {}
[INFO  - 2015-12-25T17:49:36.178Z] Session [dcd0eb40-ab2f-11e5-8bfc-e9f3aef6ce41] - Session.negotiatedCapabilities - {"browserName":"phantomjs","version":"2.0.0","driverName":"ghostdriver","driverVersion":"1.2.0","platform":"windows-7-32bit","javascriptEnabled":true,"takesScreenshot":true,"handlesAlerts":false,"databaseEnabled":false,"locationContextEnabled":false,"applicationCacheEnabled":false,"browserConnectionEnabled":false,"cssSelectorsEnabled":true,"webStorageEnabled":false,"rotatable":false,"acceptSslCerts":false,"nativeEvents":true,"proxy":{"proxyType":"direct"}}
[INFO  - 2015-12-25T17:49:36.182Z] SessionManagerReqHand - _postNewSessionCommand - New Session Created: dcd0eb40-ab2f-11e5-8bfc-e9f3aef6ce41
